mysql> SELECT artikelnummer AS Artikelnummer, SUM(artikelanzahl) AS Artikelanzahl, SUM(bestellsumme) AS Gesamtbestellsumme
    -> FROM bestellung
    -> GROUP BY artikelnummer
    -> HAVING SUM(bestellsumme) > 200;
+---------------+---------------+--------------------+
| Artikelnummer | Artikelanzahl | Gesamtbestellsumme |
+---------------+---------------+--------------------+
|             3 |             1 |             300.00 |
|             5 |             5 |            2500.00 |
+---------------+---------------+--------------------+
2 rows in set (0.00 sec)

mysql> SELECT herstellernummer AS Herstellernummer, ROUND(AVG(preis), 2) AS Durchschnittspreis
    -> FROM artikel
    -> GROUP BY herstellernummer
    -> HAVING COUNT(*) > 1;
+------------------+--------------------+
| Herstellernummer | Durchschnittspreis |
+------------------+--------------------+
|               10 |              15.00 |
+------------------+--------------------+
1 row in set (0.00 sec)

mysql> notee
